{
  "stats": {
    "suites": 20,
    "tests": 54,
    "passes": 54,
    "pending": 0,
    "failures": 0,
    "testsRegistered": 54,
    "passPercent": 100,
    "pendingPercent": 0,
    "other": 0,
    "hasOther": false,
    "skipped": 0,
    "hasSkipped": false,
    "start": "2024-07-05T09:54:46.457Z",
    "end": "2024-07-05T09:58:11.681Z",
    "duration": 205224
  },
  "results": [
    {
      "uuid": "e8b5eb58-835d-4e85-b9a7-88a352bb5d38",
      "title": "",
      "fullFile": "cypress\\e2e\\automation-test-store\\alias-invoke.js",
      "file": "cypress\\e2e\\automation-test-store\\alias-invoke.js",
      "beforeHooks": [],
      "afterHooks": [],
      "tests": [],
      "suites": [
        {
          "uuid": "e44f3872-c644-409f-b665-cb7db1a5f3ae",
          "title": "Alias and Invoke",
          "fullFile": "",
          "file": "",
          "beforeHooks": [],
          "afterHooks": [],
          "tests": [
            {
              "title": "Validate a specific hair care product",
              "fullTitle": "Alias and Invoke Validate a specific hair care product",
              "timedOut": null,
              "duration": 7244,
              "state": "passed",
              "speed": "medium",
              "pass": true,
              "fail": false,
              "pending": false,
              "context": null,
              "code": "cy.visit(\"https://automationteststore.com/\");\ncy.get(\"a[href*='product/category&path=']\").contains(\"Hair Care\").click();\ncy.get('.fixed_wrapper .prdocutname').eq(0).invoke('text').as('ProductThumbnail');\ncy.get('@ProductThumbnail').its('length').should('be.gt', 5);\ncy.get('@ProductThumbnail').should('include', 'Seaweed Conditioner');",
              "err": {},
              "uuid": "d9cff945-a845-4936-886b-bd28dd13c1ca",
              "parentUUID": "e44f3872-c644-409f-b665-cb7db1a5f3ae",
              "isHook": false,
              "skipped": false
            },
            {
              "title": "Validate Product thumbnail",
              "fullTitle": "Alias and Invoke Validate Product thumbnail",
              "timedOut": null,
              "duration": 1550,
              "state": "passed",
              "speed": "fast",
              "pass": true,
              "fail": false,
              "pending": false,
              "context": null,
              "code": "cy.visit(\"https://automationteststore.com/\");\ncy.get('.thumbnail').as('productThumbnail');\ncy.get('@productThumbnail').should('have.length', 16);\ncy.get('@productThumbnail').find('.productcart').invoke('attr', 'title').should('include', 'Add to Cart');",
              "err": {},
              "uuid": "a02e5060-6868-43dc-b609-eb2061f12c09",
              "parentUUID": "e44f3872-c644-409f-b665-cb7db1a5f3ae",
              "isHook": false,
              "skipped": false
            },
            {
              "title": "Calculate total of normal and sale products",
              "fullTitle": "Alias and Invoke Calculate total of normal and sale products",
              "timedOut": null,
              "duration": 2812,
              "state": "passed",
              "speed": "fast",
              "pass": true,
              "fail": false,
              "pending": false,
              "context": null,
              "code": "cy.visit(\"https://automationteststore.com/\");\ncy.get('.thumbnail').as('productThumbnail');\n// cy.get('@productThumbnail').find('.oneprice').each(($el, index, $list) => {\n//     cy.log($el.text())\n// })\ncy.get('.thumbnail').find('.oneprice').invoke('text').as('itemprice');\ncy.get('.thumbnail').find('.pricenew').invoke('text').as('saleitemprice');\nvar itemTotal = 0;\n// Normal Item price calculation\ncy.get('@itemprice').then($linktext => {\n  var itemPriceTotal = 0;\n  var itemprice = $linktext.split('$');\n  for (var i = 0; i < itemprice.length; i++) {\n    itemPriceTotal += Number(itemprice[i]);\n  }\n  itemTotal += itemPriceTotal;\n  cy.log(\"Non Sale items price is \" + itemPriceTotal);\n});\n// Sale Items logic price calculation\ncy.get('@saleitemprice').then($linkstext => {\n  var saleitempriceTotal = 0;\n  var saleitemprice = $linkstext.split('$');\n  for (var j = 0; j < saleitemprice.length; j++) {\n    //cy.log(saleitemprice[j])\n    saleitempriceTotal += Number(saleitemprice[j]);\n  }\n  cy.log(\"Sale items price is \" + saleitempriceTotal);\n  itemTotal += saleitempriceTotal;\n}).then(() => {\n  cy.log(\"The Total price of all products is \" + itemTotal);\n  expect(itemTotal).to.equal(648.5);\n});",
              "err": {},
              "uuid": "c70b3643-7824-43ea-b298-7f055bc05b30",
              "parentUUID": "e44f3872-c644-409f-b665-cb7db1a5f3ae",
              "isHook": false,
              "skipped": false
            }
          ],
          "suites": [],
          "passes": [
            "d9cff945-a845-4936-886b-bd28dd13c1ca",
            "a02e5060-6868-43dc-b609-eb2061f12c09",
            "c70b3643-7824-43ea-b298-7f055bc05b30"
          ],
          "failures": [],
          "pending": [],
          "skipped": [],
          "duration": 11606,
          "root": false,
          "rootEmpty": false,
          "_timeout": 2000
        }
      ],
      "passes": [],
      "failures": [],
      "pending": [],
      "skipped": [],
      "duration": 0,
      "root": true,
      "rootEmpty": true,
      "_timeout": 2000
    },
    {
      "uuid": "7f678bcd-61ae-452a-a8ea-eba51c37d67e",
      "title": "",
      "fullFile": "cypress\\e2e\\automation-test-store\\contact-us.js",
      "file": "cypress\\e2e\\automation-test-store\\contact-us.js",
      "beforeHooks": [],
      "afterHooks": [],
      "tests": [],
      "suites": [
        {
          "uuid": "f786d5de-a1be-4b10-9f44-2b887b18a867",
          "title": "Test Contact us form via Automation Test Store",
          "fullFile": "",
          "file": "",
          "beforeHooks": [],
          "afterHooks": [],
          "tests": [
            {
              "title": "Should be able to submit the contact us form",
              "fullTitle": "Test Contact us form via Automation Test Store Should be able to submit the contact us form",
              "timedOut": null,
              "duration": 8725,
              "state": "passed",
              "speed": "medium",
              "pass": true,
              "fail": false,
              "pending": false,
              "context": null,
              "code": "cy.visit(\"https://automationteststore.com/\");\ncy.xpath(\"//a[contains(@href,'content/contact')]\").click().then(function (itemContactText) {\n  cy.log(\"The text present is :\" + itemContactText.text());\n});\n//cy,get(\"a[href$='contact']\").click()\ncy.get('@user').then(user => {\n  cy.get('[name=\"first_name\"]').type(user.firstname);\n  //cy.get('[name=\"last_name\"]').type(\"Smith\")\n  cy.get('[id=\"ContactUsFrm_email\"]').type(user.email);\n});\ncy.get('[id=\"ContactUsFrm_enquiry\"]').type(\"This is a Test Comment\");\ncy.xpath(\"//button[@title='Submit']\").click();\ncy.get('.mb40 > :nth-child(3)').should('have.text', 'Your enquiry has been successfully sent to the store owner!');",
              "err": {},
              "uuid": "236d9901-eda6-466b-b0bf-1cbd2c864381",
              "parentUUID": "f786d5de-a1be-4b10-9f44-2b887b18a867",
              "isHook": false,
              "skipped": false
            }
          ],
          "suites": [],
          "passes": [
            "236d9901-eda6-466b-b0bf-1cbd2c864381"
          ],
          "failures": [],
          "pending": [],
          "skipped": [],
          "duration": 8725,
          "root": false,
          "rootEmpty": false,
          "_timeout": 2000
        }
      ],
      "passes": [],
      "failures": [],
      "pending": [],
      "skipped": [],
      "duration": 0,
      "root": true,
      "rootEmpty": true,
      "_timeout": 2000
    },
    {
      "uuid": "88c1970c-5e4f-4642-9a78-252641e1bd8f",
      "title": "",
      "fullFile": "cypress\\e2e\\automation-test-store\\inspect-item.js",
      "file": "cypress\\e2e\\automation-test-store\\inspect-item.js",
      "beforeHooks": [],
      "afterHooks": [],
      "tests": [],
      "suites": [
        {
          "uuid": "cc45e247-550f-4fa2-880d-2487e042845f",
          "title": "Inspection Automation test store item using Chain of commands",
          "fullFile": "",
          "file": "",
          "beforeHooks": [],
          "afterHooks": [],
          "tests": [
            {
              "title": "Click on the first item using item header",
              "fullTitle": "Inspection Automation test store item using Chain of commands Click on the first item using item header",
              "timedOut": null,
              "duration": 6932,
              "state": "passed",
              "speed": "medium",
              "pass": true,
              "fail": false,
              "pending": false,
              "context": null,
              "code": "cy.visit(\"https://automationteststore.com/\");\ncy.get('#block_frame_featured_1769 > .thumbnails > :nth-child(1) > .fixed_wrapper > .fixed > .prdocutname').click();",
              "err": {},
              "uuid": "4eee6d36-c8b0-4817-b9dd-f81957ac6af6",
              "parentUUID": "cc45e247-550f-4fa2-880d-2487e042845f",
              "isHook": false,
              "skipped": false
            },
            {
              "title": "Click on the first item using item text",
              "fullTitle": "Inspection Automation test store item using Chain of commands Click on the first item using item text",
              "timedOut": null,
              "duration": 3729,
              "state": "passed",
              "speed": "fast",
              "pass": true,
              "fail": false,
              "pending": false,
              "context": null,
              "code": "cy.visit(\"https://automationteststore.com/\");\ncy.get('.prdocutname').contains('Skinsheen Bronzer Stick').click().then(function (itemHeaderText) {\n  console.log(\"Selected the following item:\" + itemHeaderText.text());\n});",
              "err": {},
              "uuid": "e15c302e-81ed-4079-a2d1-ec97698eb63d",
              "parentUUID": "cc45e247-550f-4fa2-880d-2487e042845f",
              "isHook": false,
              "skipped": false
            },
            {
              "title": "Click on the first item using index",
              "fullTitle": "Inspection Automation test store item using Chain of commands Click on the first item using index",
              "timedOut": null,
              "duration": 3047,
              "state": "passed",
              "speed": "fast",
              "pass": true,
              "fail": false,
              "pending": false,
              "context": null,
              "code": "cy.visit(\"https://automationteststore.com/\");\ncy.get('.fixed_wrapper').find('.prdocutname').eq(0).click();",
              "err": {},
              "uuid": "d11efab5-173d-4dbc-9ba9-298f5dd0eee5",
              "parentUUID": "cc45e247-550f-4fa2-880d-2487e042845f",
              "isHook": false,
              "skipped": false
            }
          ],
          "suites": [],
          "passes": [
            "4eee6d36-c8b0-4817-b9dd-f81957ac6af6",
            "e15c302e-81ed-4079-a2d1-ec97698eb63d",
            "d11efab5-173d-4dbc-9ba9-298f5dd0eee5"
          ],
          "failures": [],
          "pending": [],
          "skipped": [],
          "duration": 13708,
          "root": false,
          "rootEmpty": false,
          "_timeout": 2000
        }
      ],
      "passes": [],
      "failures": [],
      "pending": [],
      "skipped": [],
      "duration": 0,
      "root": true,
      "rootEmpty": true,
      "_timeout": 2000
    },
    {
      "uuid": "692481ee-bc31-4986-a4a6-9290d2bf60f1",
      "title": "",
      "fullFile": "cypress\\e2e\\automation-test-store\\iterate-over-elements.js",
      "file": "cypress\\e2e\\automation-test-store\\iterate-over-elements.js",
      "beforeHooks": [],
      "afterHooks": [],
      "tests": [],
      "suites": [
        {
          "uuid": "d44c244e-e058-4675-a190-e59889bcb661",
          "title": "Iterate over elements in Automation test store",
          "fullFile": "",
          "file": "",
          "beforeHooks": [],
          "afterHooks": [],
          "tests": [
            {
              "title": "Log information of all hair care products",
              "fullTitle": "Iterate over elements in Automation test store Log information of all hair care products",
              "timedOut": null,
              "duration": 6617,
              "state": "passed",
              "speed": "medium",
              "pass": true,
              "fail": false,
              "pending": false,
              "context": null,
              "code": "cy.get('.fixed_wrapper .prdocutname').each(($el, index, $list) => {\n  cy.log(\"Index: \" + index + \" :\" + $el.text());\n});",
              "err": {},
              "uuid": "884b7d67-a093-49d0-935d-6513b6ea1a2d",
              "parentUUID": "d44c244e-e058-4675-a190-e59889bcb661",
              "isHook": false,
              "skipped": false
            },
            {
              "title": "Add specific product to the basket",
              "fullTitle": "Iterate over elements in Automation test store Add specific product to the basket",
              "timedOut": null,
              "duration": 4403,
              "state": "passed",
              "speed": "fast",
              "pass": true,
              "fail": false,
              "pending": false,
              "context": null,
              "code": "cy.selectProduct('Eau Parfumee au The Vert Shampoo');",
              "err": {},
              "uuid": "9c5a5c57-18ec-437e-97d1-80f58278b6e7",
              "parentUUID": "d44c244e-e058-4675-a190-e59889bcb661",
              "isHook": false,
              "skipped": false
            },
            {
              "title": "Add another specific product to the basket",
              "fullTitle": "Iterate over elements in Automation test store Add another specific product to the basket",
              "timedOut": null,
              "duration": 4692,
              "state": "passed",
              "speed": "fast",
              "pass": true,
              "fail": false,
              "pending": false,
              "context": null,
              "code": "cy.selectProduct('Seaweed Conditioner');",
              "err": {},
              "uuid": "a0b389b7-966a-415c-abd1-ce327f3b0acc",
              "parentUUID": "d44c244e-e058-4675-a190-e59889bcb661",
              "isHook": false,
              "skipped": false
            }
          ],
          "suites": [],
          "passes": [
            "884b7d67-a093-49d0-935d-6513b6ea1a2d",
            "9c5a5c57-18ec-437e-97d1-80f58278b6e7",
            "a0b389b7-966a-415c-abd1-ce327f3b0acc"
          ],
          "failures": [],
          "pending": [],
          "skipped": [],
          "duration": 15712,
          "root": false,
          "rootEmpty": false,
          "_timeout": 2000
        }
      ],
      "passes": [],
      "failures": [],
      "pending": [],
      "skipped": [],
      "duration": 0,
      "root": true,
      "rootEmpty": true,
      "_timeout": 2000
    },
    {
      "uuid": "a921d0f2-ddf7-499b-b729-a1b9fe456c00",
      "title": "",
      "fullFile": "cypress\\e2e\\automation-test-store\\variables-and-cy-commands.js",
      "file": "cypress\\e2e\\automation-test-store\\variables-and-cy-commands.js",
      "beforeHooks": [],
      "afterHooks": [],
      "tests": [],
      "suites": [
        {
          "uuid": "204c79bc-4eda-4c6f-86a8-0fa622349517",
          "title": "Variables, cy commands and jquery commands",
          "fullFile": "",
          "file": "",
          "beforeHooks": [],
          "afterHooks": [],
          "tests": [
            {
              "title": "Contact us page - Automation test store different techniques",
              "fullTitle": "Variables, cy commands and jquery commands Contact us page - Automation test store different techniques",
              "timedOut": null,
              "duration": 3851,
              "state": "passed",
              "speed": "fast",
              "pass": true,
              "fail": false,
              "pending": false,
              "context": null,
              "code": "cy.visit(\"https://automationteststore.com/index.php?rt=content/contact\");\n//Uses Cypress command and chaining\ncy.contains('#ContactUsFrm', 'Contact Us Form').find('#field_11').should('contain', 'First name:');\n//Jquery approach\ncy.contains('#ContactUsFrm', 'Contact Us Form').then(text => {\n  const firstnametext = text.find('#field_11').text();\n  expect(firstnametext).to.contain('First name:');\n  //Embedded commands (Closure)\n  cy.get('#field_11').then(fxtext => {\n    cy.log(fxtext.text());\n    cy.log(fxtext);\n  });\n});",
              "err": {},
              "uuid": "bde4c4ea-cd77-49d6-b26e-87887f62a924",
              "parentUUID": "204c79bc-4eda-4c6f-86a8-0fa622349517",
              "isHook": false,
              "skipped": false
            }
          ],
          "suites": [],
          "passes": [
            "bde4c4ea-cd77-49d6-b26e-87887f62a924"
          ],
          "failures": [],
          "pending": [],
          "skipped": [],
          "duration": 3851,
          "root": false,
          "rootEmpty": false,
          "_timeout": 2000
        }
      ],
      "passes": [],
      "failures": [],
      "pending": [],
      "skipped": [],
      "duration": 0,
      "root": true,
      "rootEmpty": true,
      "_timeout": 2000
    },
    {
      "uuid": "48ba843f-86ca-4fd1-82ac-536be824d5e0",
      "title": "",
      "fullFile": "cypress\\e2e\\Webdriver-Uni\\autocomplete-dropdown-list.js",
      "file": "cypress\\e2e\\Webdriver-Uni\\autocomplete-dropdown-list.js",
      "beforeHooks": [],
      "afterHooks": [],
      "tests": [],
      "suites": [
        {
          "uuid": "894828e3-4e4a-4f79-92a2-e5305d3737b2",
          "title": "Interact with dropdown lists via Webdriver uni",
          "fullFile": "",
          "file": "",
          "beforeHooks": [],
          "afterHooks": [],
          "tests": [
            {
              "title": "Select specific values from dropdown list",
              "fullTitle": "Interact with dropdown lists via Webdriver uni Select specific values from dropdown list",
              "timedOut": null,
              "duration": 8954,
              "state": "passed",
              "speed": "medium",
              "pass": true,
              "fail": false,
              "pending": false,
              "context": null,
              "code": "cy.visit('https://webdriveruniversity.com/');\ncy.get('#autocomplete-textfield').invoke('removeAttr', 'target').click({\n  force: true\n});\ncy.get('#myInput').type('A');\ncy.get('#myInputautocomplete-list > *').each(($el, index, $list) => {\n  const prod = $el.text();\n  const producttoSelect = 'Avacado';\n  if (prod === producttoSelect) {\n    cy.wrap($el).click();\n    cy.get('#submit-button').click();\n    cy.url().should('include', producttoSelect);\n  }\n}).then(() => {\n  cy.get('#myInput').type('G');\n  cy.get('#myInputautocomplete-list > *').each(($el, index, $list) => {\n    const prod = $el.text();\n    const producttoSelect = 'Grapes';\n    if (prod === producttoSelect) {\n      cy.wrap($el).click();\n      cy.get('#submit-button').click();\n      cy.url().should('include', producttoSelect);\n    }\n  });\n});",
              "err": {},
              "uuid": "2a37f48d-e91b-452f-9ef5-35fdaad5fce4",
              "parentUUID": "894828e3-4e4a-4f79-92a2-e5305d3737b2",
              "isHook": false,
              "skipped": false
            }
          ],
          "suites": [],
          "passes": [
            "2a37f48d-e91b-452f-9ef5-35fdaad5fce4"
          ],
          "failures": [],
          "pending": [],
          "skipped": [],
          "duration": 8954,
          "root": false,
          "rootEmpty": false,
          "_timeout": 2000
        }
      ],
      "passes": [],
      "failures": [],
      "pending": [],
      "skipped": [],
      "duration": 0,
      "root": true,
      "rootEmpty": true,
      "_timeout": 2000
    },
    {
      "uuid": "137ca7ef-af3a-4d80-9347-1ccf171984ef",
      "title": "",
      "fullFile": "cypress\\e2e\\Webdriver-Uni\\browser-navigation.js",
      "file": "cypress\\e2e\\Webdriver-Uni\\browser-navigation.js",
      "beforeHooks": [],
      "afterHooks": [],
      "tests": [],
      "suites": [
        {
          "uuid": "a0264ce7-c3fe-4c28-804b-65fd054fb706",
          "title": "Validate Navigation",
          "fullFile": "",
          "file": "",
          "beforeHooks": [],
          "afterHooks": [],
          "tests": [
            {
              "title": "Validation navigating from different links",
              "fullTitle": "Validate Navigation Validation navigating from different links",
              "timedOut": null,
              "duration": 9851,
              "state": "passed",
              "speed": "medium",
              "pass": true,
              "fail": false,
              "pending": false,
              "context": null,
              "code": "//cy.visit(\"http://webdriveruniversity.com/Contact-Us/contactus.html\")\ncy.visit('http://webdriveruniversity.com/');\ncy.get('#contact-us').invoke('removeAttr', 'target').click({\n  force: true\n});\ncy.url().should('include', 'contactus'); //Asserting that we are on contact us page\ncy.go('back');\ncy.reload();\ncy.url().should('include', 'http://webdriveruniversity.com');\n// cy.reload('true') //Reload without using cache\ncy.go('forward');\ncy.url().should('include', 'contactus');\n// Navigate back to home page and move to login portal\ncy.go('back');\ncy.get('#login-portal').invoke('removeAttr', 'target').click({\n  force: true\n});\ncy.url().should('include', 'Login-Portal');\ncy.go('back');\n//Navigate to To Do List page, validate url and come back\ncy.get('#to-do-list').invoke('removeAttr', 'target').click({\n  force: true\n});\ncy.url().should('include', 'To-Do-List');\ncy.go('back');",
              "err": {},
              "uuid": "d9ff7377-a5ea-461c-a153-cf3aee6b9446",
              "parentUUID": "a0264ce7-c3fe-4c28-804b-65fd054fb706",
              "isHook": false,
              "skipped": false
            }
          ],
          "suites": [],
          "passes": [
            "d9ff7377-a5ea-461c-a153-cf3aee6b9446"
          ],
          "failures": [],
          "pending": [],
          "skipped": [],
          "duration": 9851,
          "root": false,
          "rootEmpty": false,
          "_timeout": 2000
        }
      ],
      "passes": [],
      "failures": [],
      "pending": [],
      "skipped": [],
      "duration": 0,
      "root": true,
      "rootEmpty": true,
      "_timeout": 2000
    },
    {
      "uuid": "6d784d61-7756-447c-a262-a058fb968e64",
      "title": "",
      "fullFile": "cypress\\e2e\\Webdriver-Uni\\checkboxes.js",
      "file": "cypress\\e2e\\Webdriver-Uni\\checkboxes.js",
      "beforeHooks": [],
      "afterHooks": [],
      "tests": [],
      "suites": [
        {
          "uuid": "2e3184e9-8270-4ef8-9a41-863033a035fe",
          "title": "Verify Checkboxes via Webdriver uni",
          "fullFile": "",
          "file": "",
          "beforeHooks": [],
          "afterHooks": [],
          "tests": [
            {
              "title": "Check and Validate Checkbox",
              "fullTitle": "Verify Checkboxes via Webdriver uni Check and Validate Checkbox",
              "timedOut": null,
              "duration": 4509,
              "state": "passed",
              "speed": "fast",
              "pass": true,
              "fail": false,
              "pending": false,
              "context": null,
              "code": "//cy.get('#checkboxes > :nth-child(1) > input').check().should('be.checked')\ncy.get('#checkboxes > :nth-child(1) > input').as('option-1');\ncy.get('@option-1').check().should('be.checked');",
              "err": {},
              "uuid": "a5759b49-c498-4df1-95b4-0581be40dd4a",
              "parentUUID": "2e3184e9-8270-4ef8-9a41-863033a035fe",
              "isHook": false,
              "skipped": false
            },
            {
              "title": "Uncheck option-3 in checkbox and validete if unchecked",
              "fullTitle": "Verify Checkboxes via Webdriver uni Uncheck option-3 in checkbox and validete if unchecked",
              "timedOut": null,
              "duration": 425,
              "state": "passed",
              "speed": "fast",
              "pass": true,
              "fail": false,
              "pending": false,
              "context": null,
              "code": "cy.get(':nth-child(5) > input').as('option-2');\ncy.get('@option-2').uncheck().should('not.be.checked');",
              "err": {},
              "uuid": "07b16d17-6d68-4bcc-b715-ef6944e5828c",
              "parentUUID": "2e3184e9-8270-4ef8-9a41-863033a035fe",
              "isHook": false,
              "skipped": false
            },
            {
              "title": "Check Multiple Checkboxes",
              "fullTitle": "Verify Checkboxes via Webdriver uni Check Multiple Checkboxes",
              "timedOut": null,
              "duration": 600,
              "state": "passed",
              "speed": "fast",
              "pass": true,
              "fail": false,
              "pending": false,
              "context": null,
              "code": "cy.get(\"input[type='checkbox']\").check([\"option-1\", \"option-2\", \"option-3\", \"option-4\"]).should('be.checked');",
              "err": {},
              "uuid": "7fcbf8c1-6dd6-4a6c-90b9-fee26c317c53",
              "parentUUID": "2e3184e9-8270-4ef8-9a41-863033a035fe",
              "isHook": false,
              "skipped": false
            }
          ],
          "suites": [],
          "passes": [
            "a5759b49-c498-4df1-95b4-0581be40dd4a",
            "07b16d17-6d68-4bcc-b715-ef6944e5828c",
            "7fcbf8c1-6dd6-4a6c-90b9-fee26c317c53"
          ],
          "failures": [],
          "pending": [],
          "skipped": [],
          "duration": 5534,
          "root": false,
          "rootEmpty": false,
          "_timeout": 2000
        }
      ],
      "passes": [],
      "failures": [],
      "pending": [],
      "skipped": [],
      "duration": 0,
      "root": true,
      "rootEmpty": true,
      "_timeout": 2000
    },
    {
      "uuid": "46c2217c-b13e-4e43-b3de-5b6be5b6e774",
      "title": "",
      "fullFile": "cypress\\e2e\\Webdriver-Uni\\contact-us.js",
      "file": "cypress\\e2e\\Webdriver-Uni\\contact-us.js",
      "beforeHooks": [],
      "afterHooks": [],
      "tests": [],
      "suites": [
        {
          "uuid": "6c84d39a-dcea-4b7b-ba48-1733ee58ffe1",
          "title": "Test Contact us form via WebdriverUni",
          "fullFile": "",
          "file": "",
          "beforeHooks": [],
          "afterHooks": [],
          "tests": [
            {
              "title": "Should be able to submit the contact us form",
              "fullTitle": "Test Contact us form via WebdriverUni Should be able to submit the contact us form",
              "timedOut": null,
              "duration": 5475,
              "state": "passed",
              "speed": "medium",
              "pass": true,
              "fail": false,
              "pending": false,
              "context": null,
              "code": "cy.document().should('have.property', 'charset').and('eq', 'UTF-8');\ncy.title().should('include', 'WebDriver | Contact Us');\ncy.url().should('include', 'contactus');\ncontact_us_PO.webdriverUni_Contactform_Submission(Cypress.env('first_name'), data.last_name, data.email, 'This is a Test Comment', 'h1', 'Thank You for your Message!');",
              "err": {},
              "uuid": "106f8876-e996-4597-9263-180502b8b793",
              "parentUUID": "6c84d39a-dcea-4b7b-ba48-1733ee58ffe1",
              "isHook": false,
              "skipped": false
            },
            {
              "title": "Should not be able to submit if all the fields are not filled",
              "fullTitle": "Test Contact us form via WebdriverUni Should not be able to submit if all the fields are not filled",
              "timedOut": null,
              "duration": 1843,
              "state": "passed",
              "speed": "fast",
              "pass": true,
              "fail": false,
              "pending": false,
              "context": null,
              "code": "contact_us_PO.webdriverUni_Contactform_Submission(data.first_name, data.last_name, \" \", 'This is a Test Comment', 'body', 'Invalid email address');",
              "err": {},
              "uuid": "94e6a163-6926-4e27-9d5e-b761b0224f18",
              "parentUUID": "6c84d39a-dcea-4b7b-ba48-1733ee58ffe1",
              "isHook": false,
              "skipped": false
            }
          ],
          "suites": [],
          "passes": [
            "106f8876-e996-4597-9263-180502b8b793",
            "94e6a163-6926-4e27-9d5e-b761b0224f18"
          ],
          "failures": [],
          "pending": [],
          "skipped": [],
          "duration": 7318,
          "root": false,
          "rootEmpty": false,
          "_timeout": 2000
        }
      ],
      "passes": [],
      "failures": [],
      "pending": [],
      "skipped": [],
      "duration": 0,
      "root": true,
      "rootEmpty": true,
      "_timeout": 2000
    },
    {
      "uuid": "f452a44c-ce91-474f-96b1-58b1c828d43c",
      "title": "",
      "fullFile": "cypress\\e2e\\Webdriver-Uni\\data-tables.js",
      "file": "cypress\\e2e\\Webdriver-Uni\\data-tables.js",
      "beforeHooks": [],
      "afterHooks": [],
      "tests": [],
      "suites": [
        {
          "uuid": "b3673368-d933-42bc-adff-38c33f6fa2a6",
          "title": "Handling Data via webdriveruni",
          "fullFile": "",
          "file": "",
          "beforeHooks": [],
          "afterHooks": [],
          "tests": [
            {
              "title": "Calculate and assert the age of all the users",
              "fullTitle": "Handling Data via webdriveruni Calculate and assert the age of all the users",
              "timedOut": null,
              "duration": 3692,
              "state": "passed",
              "speed": "fast",
              "pass": true,
              "fail": false,
              "pending": false,
              "context": null,
              "code": "var userdetails = [];\nlet numb = 0;\ncy.get('#thumbnail-1 td').each(($el, index, $list) => {\n  userdetails[index] = $el.text();\n}).then(() => {\n  var i = 0;\n  for (i = 0; i < userdetails.length; i++) {\n    if (Number(userdetails[i])) {\n      numb += Number(userdetails[i]);\n    }\n    //cy.log(userdetails[i])\n  }\n  cy.log('Total age is :' + numb);\n  expect(numb).to.eq(322);\n});",
              "err": {},
              "uuid": "f6b39ccc-0db6-428c-aade-1a1491c3bb77",
              "parentUUID": "b3673368-d933-42bc-adff-38c33f6fa2a6",
              "isHook": false,
              "skipped": false
            },
            {
              "title": "Calculate and assert the age a given user using last name",
              "fullTitle": "Handling Data via webdriveruni Calculate and assert the age a given user using last name",
              "timedOut": null,
              "duration": 1324,
              "state": "passed",
              "speed": "fast",
              "pass": true,
              "fail": false,
              "pending": false,
              "context": null,
              "code": "cy.get('#thumbnail-1 td:nth-child(2)').each(($el, index, $list) => {\n  const text = $el.text();\n  if (text.includes(\"Woods\")) {\n    cy.get('#thumbnail-1 td:nth-child(2)').eq(index).next().then(function (Age) {\n      const userage = Age.text();\n      expect(userage).to.equal(\"80\");\n    });\n  }\n});",
              "err": {},
              "uuid": "75ebba37-52c6-487f-86f2-612213876120",
              "parentUUID": "b3673368-d933-42bc-adff-38c33f6fa2a6",
              "isHook": false,
              "skipped": false
            },
            {
              "title": "Calculate and assert the age a given user using First name",
              "fullTitle": "Handling Data via webdriveruni Calculate and assert the age a given user using First name",
              "timedOut": null,
              "duration": 1046,
              "state": "passed",
              "speed": "fast",
              "pass": true,
              "fail": false,
              "pending": false,
              "context": null,
              "code": "cy.get('#thumbnail-1 td:nth-child(1)').each(($el, index, $list) => {\n  const newtext = $el.text();\n  if (newtext.includes(\"Sarah\")) {\n    cy.get('#thumbnail-1 td:nth-child(1)').eq(index).next().next().then(function (age) {\n      const newage = age.text();\n      expect(newage).to.equal('56');\n    });\n  }\n});",
              "err": {},
              "uuid": "3d30f025-23ff-42b1-94f4-0fbcc0df09f9",
              "parentUUID": "b3673368-d933-42bc-adff-38c33f6fa2a6",
              "isHook": false,
              "skipped": false
            }
          ],
          "suites": [],
          "passes": [
            "f6b39ccc-0db6-428c-aade-1a1491c3bb77",
            "75ebba37-52c6-487f-86f2-612213876120",
            "3d30f025-23ff-42b1-94f4-0fbcc0df09f9"
          ],
          "failures": [],
          "pending": [],
          "skipped": [],
          "duration": 6062,
          "root": false,
          "rootEmpty": false,
          "_timeout": 2000
        }
      ],
      "passes": [],
      "failures": [],
      "pending": [],
      "skipped": [],
      "duration": 0,
      "root": true,
      "rootEmpty": true,
      "_timeout": 2000
    },
    {
      "uuid": "d03e0887-59e6-4d45-a546-afe4126b9002",
      "title": "",
      "fullFile": "cypress\\e2e\\Webdriver-Uni\\datepicker.js",
      "file": "cypress\\e2e\\Webdriver-Uni\\datepicker.js",
      "beforeHooks": [],
      "afterHooks": [],
      "tests": [],
      "suites": [
        {
          "uuid": "982a74f4-aa28-4e70-bc4c-0419d8d66c26",
          "title": "Test Datepicker via Webdriver uni",
          "fullFile": "",
          "file": "",
          "beforeHooks": [],
          "afterHooks": [],
          "tests": [
            {
              "title": "Select date from datepicker",
              "fullTitle": "Test Datepicker via Webdriver uni Select date from datepicker",
              "timedOut": null,
              "duration": 5587,
              "state": "passed",
              "speed": "medium",
              "pass": true,
              "fail": false,
              "pending": false,
              "context": null,
              "code": "cy.visit('/');\ncy.get('#datepicker').invoke('removeAttr', 'target').click({\n  force: true\n});\ncy.get('#datepicker').click();\n// let date = new Date();\n// date.setDate(date.getDate()) //Current Date\n// cy.log(date.getDate())\n// let date2 = new Date();\n// date2.setDate(date.getDate() + 5)\n// cy.log(date2.getDate())\nvar date = new Date();\ndate.setDate(date.getDate() + 365);\nvar futureyear = date.getFullYear();\nvar futuremonth = date.toLocaleString('default', {\n  month: \"long\"\n});\nvar futureday = date.getDate();\ncy.log(futureyear);\ncy.log(futuremonth);\ncy.log(futureday);\nfunction selectYearAndMonth() {\n  cy.get('.datepicker-dropdown').find('.datepicker-switch').first().then(currentDate => {\n    if (!currentDate.text().includes(futureyear)) {\n      cy.get('.next').first().click();\n      selectYearAndMonth();\n    }\n  }).then(() => {\n    cy.get('.datepicker-dropdown').find('.datepicker-switch').first().then(currentdate => {\n      if (!currentdate.text().includes(futuremonth)) {\n        cy.get('.next').first().click();\n        selectYearAndMonth();\n      }\n    });\n  });\n}\nfunction selectDay() {\n  cy.get('[class=\"day\"]').contains(futureday).click();\n}\nselectYearAndMonth();\nselectDay();",
              "err": {},
              "uuid": "64cc18ce-51f8-4eef-93c7-99815fc6029b",
              "parentUUID": "982a74f4-aa28-4e70-bc4c-0419d8d66c26",
              "isHook": false,
              "skipped": false
            }
          ],
          "suites": [],
          "passes": [
            "64cc18ce-51f8-4eef-93c7-99815fc6029b"
          ],
          "failures": [],
          "pending": [],
          "skipped": [],
          "duration": 5587,
          "root": false,
          "rootEmpty": false,
          "_timeout": 2000
        }
      ],
      "passes": [],
      "failures": [],
      "pending": [],
      "skipped": [],
      "duration": 0,
      "root": true,
      "rootEmpty": true,
      "_timeout": 2000
    },
    {
      "uuid": "ddcc2535-7277-4024-a33f-883eceeb8421",
      "title": "",
      "fullFile": "cypress\\e2e\\Webdriver-Uni\\fileupload.js",
      "file": "cypress\\e2e\\Webdriver-Uni\\fileupload.js",
      "beforeHooks": [],
      "afterHooks": [],
      "tests": [],
      "suites": [
        {
          "uuid": "0dc8dea1-76d4-4bb9-8895-ade2a0f2241c",
          "title": "Upload files via Webdriveruni",
          "fullFile": "",
          "file": "",
          "beforeHooks": [],
          "afterHooks": [],
          "tests": [
            {
              "title": "Upload a file ...",
              "fullTitle": "Upload files via Webdriveruni Upload a file ...",
              "timedOut": null,
              "duration": 3515,
              "state": "passed",
              "speed": "fast",
              "pass": true,
              "fail": false,
              "pending": false,
              "context": null,
              "code": "cy.visit('https://webdriveruniversity.com/');\ncy.get('#file-upload').invoke('removeAttr', 'target').click({\n  force: true\n});\ncy.get('#myFile').selectFile('cypress/fixtures/laptop.png');\ncy.get('#submit-button').click();",
              "err": {},
              "uuid": "e8bb8d9e-780f-42ca-9a70-a3bfb2582ca5",
              "parentUUID": "0dc8dea1-76d4-4bb9-8895-ade2a0f2241c",
              "isHook": false,
              "skipped": false
            },
            {
              "title": "Upload No file ...",
              "fullTitle": "Upload files via Webdriveruni Upload No file ...",
              "timedOut": null,
              "duration": 1587,
              "state": "passed",
              "speed": "fast",
              "pass": true,
              "fail": false,
              "pending": false,
              "context": null,
              "code": "cy.visit('https://webdriveruniversity.com/');\ncy.get('#file-upload').invoke('removeAttr', 'target').click({\n  force: true\n});\ncy.get('#submit-button').click();",
              "err": {},
              "uuid": "7a60a848-f180-46ea-b283-e411b62b7f0f",
              "parentUUID": "0dc8dea1-76d4-4bb9-8895-ade2a0f2241c",
              "isHook": false,
              "skipped": false
            }
          ],
          "suites": [],
          "passes": [
            "e8bb8d9e-780f-42ca-9a70-a3bfb2582ca5",
            "7a60a848-f180-46ea-b283-e411b62b7f0f"
          ],
          "failures": [],
          "pending": [],
          "skipped": [],
          "duration": 5102,
          "root": false,
          "rootEmpty": false,
          "_timeout": 2000
        }
      ],
      "passes": [],
      "failures": [],
      "pending": [],
      "skipped": [],
      "duration": 0,
      "root": true,
      "rootEmpty": true,
      "_timeout": 2000
    },
    {
      "uuid": "6605ca15-2495-411a-8ab0-33fd931eec37",
      "title": "",
      "fullFile": "cypress\\e2e\\Webdriver-Uni\\iFrame.js",
      "file": "cypress\\e2e\\Webdriver-Uni\\iFrame.js",
      "beforeHooks": [],
      "afterHooks": [],
      "tests": [],
      "suites": [
        {
          "uuid": "7947fefd-76e9-4107-afb8-81b72a74ec4c",
          "title": "Handling IFrame and Modals",
          "fullFile": "",
          "file": "",
          "beforeHooks": [],
          "afterHooks": [],
          "tests": [
            {
              "title": "Handle webdriveruni IFrame and Modals",
              "fullTitle": "Handling IFrame and Modals Handle webdriveruni IFrame and Modals",
              "timedOut": null,
              "duration": 5012,
              "state": "passed",
              "speed": "medium",
              "pass": true,
              "fail": false,
              "pending": false,
              "context": null,
              "code": "cy.visit('/');\ncy.get('#iframe').invoke('removeAttr', 'target').click({\n  force: true\n});\ncy.get('#frame').then($iframe => {\n  const body = $iframe.contents().find('body');\n  cy.wrap(body).as('iframe');\n});\ncy.get('@iframe').find('#button-find-out-more').click();\ncy.get('@iframe').find('#myModal').as('modal');\ncy.get('@modal').should($expectedtext => {\n  const text = $expectedtext.text();\n  expect(text).to.include('Welcome to webdriveruniversity.com we sell a wide range of electrical goods');\n});",
              "err": {},
              "uuid": "3942ccde-94d3-478e-8fcc-169a2ba5395d",
              "parentUUID": "7947fefd-76e9-4107-afb8-81b72a74ec4c",
              "isHook": false,
              "skipped": false
            }
          ],
          "suites": [],
          "passes": [
            "3942ccde-94d3-478e-8fcc-169a2ba5395d"
          ],
          "failures": [],
          "pending": [],
          "skipped": [],
          "duration": 5012,
          "root": false,
          "rootEmpty": false,
          "_timeout": 2000
        }
      ],
      "passes": [],
      "failures": [],
      "pending": [],
      "skipped": [],
      "duration": 0,
      "root": true,
      "rootEmpty": true,
      "_timeout": 2000
    },
    {
      "uuid": "e59fbc3b-88ec-477f-8c1c-340b05d9e683",
      "title": "",
      "fullFile": "cypress\\e2e\\Webdriver-Uni\\js-alerts.js",
      "file": "cypress\\e2e\\Webdriver-Uni\\js-alerts.js",
      "beforeHooks": [],
      "afterHooks": [],
      "tests": [],
      "suites": [
        {
          "uuid": "f88a25dd-5b5f-41a4-a15c-1455e90aa984",
          "title": "Handle Js Alerts",
          "fullFile": "",
          "file": "",
          "beforeHooks": [],
          "afterHooks": [],
          "tests": [
            {
              "title": "Confirm js alerts contains the correct text",
              "fullTitle": "Handle Js Alerts Confirm js alerts contains the correct text",
              "timedOut": null,
              "duration": 3849,
              "state": "passed",
              "speed": "fast",
              "pass": true,
              "fail": false,
              "pending": false,
              "context": null,
              "code": "//cy.visit(\"http://webdriveruniversity.com/Contact-Us/contactus.html\")\ncy.visit('http://webdriveruniversity.com/');\ncy.get('#popup-alerts').invoke('removeAttr', 'target').click({\n  force: true\n});\ncy.get('#button1').click();\ncy.on('window:alert', str => {\n  expect(str).to.equal('I am an alert box!');\n});",
              "err": {},
              "uuid": "c23ff6b5-478b-47ac-9faf-2f6fed38fd1f",
              "parentUUID": "f88a25dd-5b5f-41a4-a15c-1455e90aa984",
              "isHook": false,
              "skipped": false
            },
            {
              "title": "Validate if confirm alert box works correctly when clicked on ok ",
              "fullTitle": "Handle Js Alerts Validate if confirm alert box works correctly when clicked on ok ",
              "timedOut": null,
              "duration": 690,
              "state": "passed",
              "speed": "fast",
              "pass": true,
              "fail": false,
              "pending": false,
              "context": null,
              "code": "//cy.visit(\"http://webdriveruniversity.com/Contact-Us/contactus.html\")\ncy.visit('http://webdriveruniversity.com/');\ncy.get('#popup-alerts').invoke('removeAttr', 'target').click({\n  force: true\n});\ncy.get('#button4').click();\ncy.on('window:confirm', str => {\n  return true;\n});\ncy.get('#confirm-alert-text').contains('You pressed OK!');",
              "err": {},
              "uuid": "53a346e9-b10b-4386-b0fd-d268d7a6ad98",
              "parentUUID": "f88a25dd-5b5f-41a4-a15c-1455e90aa984",
              "isHook": false,
              "skipped": false
            },
            {
              "title": "Validate if confirm alert box works correctly when clicked on Cancel ",
              "fullTitle": "Handle Js Alerts Validate if confirm alert box works correctly when clicked on Cancel ",
              "timedOut": null,
              "duration": 704,
              "state": "passed",
              "speed": "fast",
              "pass": true,
              "fail": false,
              "pending": false,
              "context": null,
              "code": "//cy.visit(\"http://webdriveruniversity.com/Contact-Us/contactus.html\")\ncy.visit('http://webdriveruniversity.com/');\ncy.get('#popup-alerts').invoke('removeAttr', 'target').click({\n  force: true\n});\ncy.get('#button4').click();\ncy.on('window:confirm', str => {\n  return false;\n});\ncy.get('#confirm-alert-text').contains('You pressed Cancel!');",
              "err": {},
              "uuid": "ec7d7d16-25c2-49e9-abdc-f9dc34003aa0",
              "parentUUID": "f88a25dd-5b5f-41a4-a15c-1455e90aa984",
              "isHook": false,
              "skipped": false
            },
            {
              "title": "Validate if confirm alert box works correctly using Stub ",
              "fullTitle": "Handle Js Alerts Validate if confirm alert box works correctly using Stub ",
              "timedOut": null,
              "duration": 1108,
              "state": "passed",
              "speed": "fast",
              "pass": true,
              "fail": false,
              "pending": false,
              "context": null,
              "code": "//cy.visit(\"http://webdriveruniversity.com/Contact-Us/contactus.html\")\ncy.visit('http://webdriveruniversity.com/');\ncy.get('#popup-alerts').invoke('removeAttr', 'target').click({\n  force: true\n});\nconst stub = cy.stub();\ncy.on('window:confirm', stub);\ncy.get('#button4').click().then(() => {\n  expect(stub.getCall(0)).to.be.calledWith('Press a button!');\n}).then(() => {\n  return true;\n}).then(() => {\n  cy.get('#confirm-alert-text').contains('You pressed OK!');\n});",
              "err": {},
              "uuid": "f672e47f-2b08-412a-a119-cab2127fd301",
              "parentUUID": "f88a25dd-5b5f-41a4-a15c-1455e90aa984",
              "isHook": false,
              "skipped": false
            }
          ],
          "suites": [],
          "passes": [
            "c23ff6b5-478b-47ac-9faf-2f6fed38fd1f",
            "53a346e9-b10b-4386-b0fd-d268d7a6ad98",
            "ec7d7d16-25c2-49e9-abdc-f9dc34003aa0",
            "f672e47f-2b08-412a-a119-cab2127fd301"
          ],
          "failures": [],
          "pending": [],
          "skipped": [],
          "duration": 6351,
          "root": false,
          "rootEmpty": false,
          "_timeout": 2000
        }
      ],
      "passes": [],
      "failures": [],
      "pending": [],
      "skipped": [],
      "duration": 0,
      "root": true,
      "rootEmpty": true,
      "_timeout": 2000
    },
    {
      "uuid": "cb39c000-d67b-40e3-bd14-e7e6dd28f38f",
      "title": "",
      "fullFile": "cypress\\e2e\\Webdriver-Uni\\mouse-actions.js",
      "file": "cypress\\e2e\\Webdriver-Uni\\mouse-actions.js",
      "beforeHooks": [],
      "afterHooks": [],
      "tests": [],
      "suites": [
        {
          "uuid": "6816157b-264c-41ff-9617-07385057b080",
          "title": "Validate Mouse Actions",
          "fullFile": "",
          "file": "",
          "beforeHooks": [],
          "afterHooks": [],
          "tests": [
            {
              "title": "Scroll element into view",
              "fullTitle": "Validate Mouse Actions Scroll element into view",
              "timedOut": null,
              "duration": 4081,
              "state": "passed",
              "speed": "fast",
              "pass": true,
              "fail": false,
              "pending": false,
              "context": null,
              "code": "cy.visit('https://webdriveruniversity.com/');\ncy.get('#actions').scrollIntoView().invoke('removeAttr', 'target').click({\n  force: true\n});",
              "err": {},
              "uuid": "6ccfa0b7-153f-4953-abda-33e7ce7490d4",
              "parentUUID": "6816157b-264c-41ff-9617-07385057b080",
              "isHook": false,
              "skipped": false
            },
            {
              "title": "Should be able to drag and drop a draggable item",
              "fullTitle": "Validate Mouse Actions Should be able to drag and drop a draggable item",
              "timedOut": null,
              "duration": 1315,
              "state": "passed",
              "speed": "fast",
              "pass": true,
              "fail": false,
              "pending": false,
              "context": null,
              "code": "cy.visit('https://webdriveruniversity.com/');\ncy.get('#actions').scrollIntoView().invoke('removeAttr', 'target').click({\n  force: true\n});\ncy.get('#draggable').trigger('mousedown', {\n  which: 1\n});\ncy.get('#droppable').trigger('mousemove').trigger('mouseup', {\n  force: true\n});",
              "err": {},
              "uuid": "274fc44a-c0a7-45ec-97cb-a2e635822969",
              "parentUUID": "6816157b-264c-41ff-9617-07385057b080",
              "isHook": false,
              "skipped": false
            },
            {
              "title": "Should be able to double click an element",
              "fullTitle": "Validate Mouse Actions Should be able to double click an element",
              "timedOut": null,
              "duration": 930,
              "state": "passed",
              "speed": "fast",
              "pass": true,
              "fail": false,
              "pending": false,
              "context": null,
              "code": "cy.visit('https://webdriveruniversity.com/');\ncy.get('#actions').scrollIntoView().invoke('removeAttr', 'target').click({\n  force: true\n});\ncy.get('#double-click').dblclick().should('have.class', 'div-double-click double');",
              "err": {},
              "uuid": "193c085b-70b5-455d-97d5-5de478aaade3",
              "parentUUID": "6816157b-264c-41ff-9617-07385057b080",
              "isHook": false,
              "skipped": false
            },
            {
              "title": "Should be able to Click and hold an element",
              "fullTitle": "Validate Mouse Actions Should be able to Click and hold an element",
              "timedOut": null,
              "duration": 1724,
              "state": "passed",
              "speed": "fast",
              "pass": true,
              "fail": false,
              "pending": false,
              "context": null,
              "code": "cy.visit('https://webdriveruniversity.com/');\ncy.get('#actions').scrollIntoView().invoke('removeAttr', 'target').click({\n  force: true\n});\ncy.get('#click-box').trigger('mousedown', {\n  which: 1\n}).then($element => {\n  expect($element).to.have.css('background-color', 'rgb(0, 255, 0)');\n});",
              "err": {},
              "uuid": "e908641c-b00c-45ca-b875-fc5d6489e088",
              "parentUUID": "6816157b-264c-41ff-9617-07385057b080",
              "isHook": false,
              "skipped": false
            }
          ],
          "suites": [],
          "passes": [
            "6ccfa0b7-153f-4953-abda-33e7ce7490d4",
            "274fc44a-c0a7-45ec-97cb-a2e635822969",
            "193c085b-70b5-455d-97d5-5de478aaade3",
            "e908641c-b00c-45ca-b875-fc5d6489e088"
          ],
          "failures": [],
          "pending": [],
          "skipped": [],
          "duration": 8050,
          "root": false,
          "rootEmpty": false,
          "_timeout": 2000
        }
      ],
      "passes": [],
      "failures": [],
      "pending": [],
      "skipped": [],
      "duration": 0,
      "root": true,
      "rootEmpty": true,
      "_timeout": 2000
    },
    {
      "uuid": "97edea8b-52d5-4b05-b99e-85d6449fae5a",
      "title": "",
      "fullFile": "cypress\\e2e\\Webdriver-Uni\\radiobuttons.js",
      "file": "cypress\\e2e\\Webdriver-Uni\\radiobuttons.js",
      "beforeHooks": [],
      "afterHooks": [],
      "tests": [],
      "suites": [
        {
          "uuid": "3e7cbc23-abe9-4065-92aa-e1dc2c94a763",
          "title": "Verify radiobuttons via Webdriver uni",
          "fullFile": "",
          "file": "",
          "beforeHooks": [],
          "afterHooks": [],
          "tests": [
            {
              "title": "Validate specific radio button is selected",
              "fullTitle": "Verify radiobuttons via Webdriver uni Validate specific radio button is selected",
              "timedOut": null,
              "duration": 2911,
              "state": "passed",
              "speed": "fast",
              "pass": true,
              "fail": false,
              "pending": false,
              "context": null,
              "code": "cy.get('#radio-buttons').find(\"[type='radio']\").first().check();\ncy.get('#radio-buttons').find(\"[type='radio']\").eq(1).check();",
              "err": {},
              "uuid": "99aa4595-9f83-4023-9d79-584f81e88072",
              "parentUUID": "3e7cbc23-abe9-4065-92aa-e1dc2c94a763",
              "isHook": false,
              "skipped": false
            },
            {
              "title": "Validate the states of specific radio buttons",
              "fullTitle": "Verify radiobuttons via Webdriver uni Validate the states of specific radio buttons",
              "timedOut": null,
              "duration": 740,
              "state": "passed",
              "speed": "fast",
              "pass": true,
              "fail": false,
              "pending": false,
              "context": null,
              "code": "cy.visit('https://webdriveruniversity.com/');\ncy.get('#dropdown-checkboxes-radiobuttons').invoke('removeAttr', 'target').click({\n  force: true\n});\ncy.get('[value=\"lettuce\"]').should('not.be.checked');\ncy.get('[value=\"pumpkin\"]').should('be.checked');\ncy.get('[value=\"cabbage\"]').should('be.disabled');\ncy.get('[value=\"lettuce\"]').check().should('be.checked');\ncy.get('[value=\"pumpkin\"]').should('not.be.checked');",
              "err": {},
              "uuid": "b5841e13-1ddb-4b3c-bf35-572847d97d2a",
              "parentUUID": "3e7cbc23-abe9-4065-92aa-e1dc2c94a763",
              "isHook": false,
              "skipped": false
            }
          ],
          "suites": [],
          "passes": [
            "99aa4595-9f83-4023-9d79-584f81e88072",
            "b5841e13-1ddb-4b3c-bf35-572847d97d2a"
          ],
          "failures": [],
          "pending": [],
          "skipped": [],
          "duration": 3651,
          "root": false,
          "rootEmpty": false,
          "_timeout": 2000
        }
      ],
      "passes": [],
      "failures": [],
      "pending": [],
      "skipped": [],
      "duration": 0,
      "root": true,
      "rootEmpty": true,
      "_timeout": 2000
    },
    {
      "uuid": "1ddd425e-c2ae-451d-a54a-4f8a73599cc3",
      "title": "",
      "fullFile": "cypress\\e2e\\Webdriver-Uni\\select-dropdown-list.js",
      "file": "cypress\\e2e\\Webdriver-Uni\\select-dropdown-list.js",
      "beforeHooks": [],
      "afterHooks": [],
      "tests": [],
      "suites": [
        {
          "uuid": "894c5bb6-b621-4844-9e56-32fc4b94c55e",
          "title": "Interact with dropdown lists via Webdriver uni",
          "fullFile": "",
          "file": "",
          "beforeHooks": [],
          "afterHooks": [],
          "tests": [
            {
              "title": "Select specific values from dropdown list",
              "fullTitle": "Interact with dropdown lists via Webdriver uni Select specific values from dropdown list",
              "timedOut": null,
              "duration": 4743,
              "state": "passed",
              "speed": "fast",
              "pass": true,
              "fail": false,
              "pending": false,
              "context": null,
              "code": "cy.visit('https://webdriveruniversity.com/');\ncy.get('#dropdown-checkboxes-radiobuttons').invoke('removeAttr', 'target').click({\n  force: true\n});\ncy.get('#dropdowm-menu-2').as('dropdown-2');\ncy.get('#dropdowm-menu-1').select('c#');\ncy.get('@dropdown-2').select('testng').should('have.value', 'testng');\ncy.get('#dropdowm-menu-3').select('JQuery').contains('JQuery');\ncy.get('@dropdown-2').select('maven').should('have.value', 'maven');\ncy.get('@dropdown-2').select('TestNG').contains('TestNG');",
              "err": {},
              "uuid": "dcb4b6d5-6b72-45de-891c-757794d9ee42",
              "parentUUID": "894c5bb6-b621-4844-9e56-32fc4b94c55e",
              "isHook": false,
              "skipped": false
            }
          ],
          "suites": [],
          "passes": [
            "dcb4b6d5-6b72-45de-891c-757794d9ee42"
          ],
          "failures": [],
          "pending": [],
          "skipped": [],
          "duration": 4743,
          "root": false,
          "rootEmpty": false,
          "_timeout": 2000
        }
      ],
      "passes": [],
      "failures": [],
      "pending": [],
      "skipped": [],
      "duration": 0,
      "root": true,
      "rootEmpty": true,
      "_timeout": 2000
    },
    {
      "uuid": "d5c1df3e-92af-4b56-9f49-200007b1d1c5",
      "title": "",
      "fullFile": "cypress\\e2e\\Webdriver-Uni\\traversing-elements.js",
      "file": "cypress\\e2e\\Webdriver-Uni\\traversing-elements.js",
      "beforeHooks": [],
      "afterHooks": [],
      "tests": [],
      "suites": [
        {
          "uuid": "19d882b7-36df-4372-ad6a-0bae3748b90c",
          "title": "Traversing DOM elements in Cypress",
          "fullFile": "",
          "file": "",
          "beforeHooks": [],
          "afterHooks": [],
          "tests": [
            {
              "title": "children() to get the children of DOM elements",
              "fullTitle": "Traversing DOM elements in Cypress children() to get the children of DOM elements",
              "timedOut": null,
              "duration": 4484,
              "state": "passed",
              "speed": "fast",
              "pass": true,
              "fail": false,
              "pending": false,
              "context": null,
              "code": "cy.get('.traversal-breadcrumb').children('.active').should('contain', 'Contact Us');",
              "err": {},
              "uuid": "762536af-6fd7-4e27-920c-fc7bafb4b091",
              "parentUUID": "19d882b7-36df-4372-ad6a-0bae3748b90c",
              "isHook": false,
              "skipped": false
            },
            {
              "title": "closest() to validate the closest ancestor DOM element",
              "fullTitle": "Traversing DOM elements in Cypress closest() to validate the closest ancestor DOM element",
              "timedOut": null,
              "duration": 663,
              "state": "passed",
              "speed": "fast",
              "pass": true,
              "fail": false,
              "pending": false,
              "context": null,
              "code": "cy.get('.traversal-badge').closest('ul').should('have.class', 'list-group');",
              "err": {},
              "uuid": "2853989d-0b0b-42a9-92c8-6073866cda4c",
              "parentUUID": "19d882b7-36df-4372-ad6a-0bae3748b90c",
              "isHook": false,
              "skipped": false
            },
            {
              "title": "eq() to retrieve a specific element based on index",
              "fullTitle": "Traversing DOM elements in Cypress eq() to retrieve a specific element based on index",
              "timedOut": null,
              "duration": 671,
              "state": "passed",
              "speed": "fast",
              "pass": true,
              "fail": false,
              "pending": false,
              "context": null,
              "code": "cy.get('.traversal-drinks-list > *').eq(2).should('contain', 'Milk');",
              "err": {},
              "uuid": "adc586f8-6df3-4574-a498-50f4f6d39497",
              "parentUUID": "19d882b7-36df-4372-ad6a-0bae3748b90c",
              "isHook": false,
              "skipped": false
            },
            {
              "title": "filter() to retrieve DOM elements that match a specific selector",
              "fullTitle": "Traversing DOM elements in Cypress filter() to retrieve DOM elements that match a specific selector",
              "timedOut": null,
              "duration": 637,
              "state": "passed",
              "speed": "fast",
              "pass": true,
              "fail": false,
              "pending": false,
              "context": null,
              "code": "cy.get('.btn-group-toggle > *').filter('.active').should('contain', 'Button-1');",
              "err": {},
              "uuid": "9786da10-93f7-4b19-afdb-ced83e9df702",
              "parentUUID": "19d882b7-36df-4372-ad6a-0bae3748b90c",
              "isHook": false,
              "skipped": false
            },
            {
              "title": "find() to retrieve DOM elements of a given selector",
              "fullTitle": "Traversing DOM elements in Cypress find() to retrieve DOM elements of a given selector",
              "timedOut": null,
              "duration": 990,
              "state": "passed",
              "speed": "fast",
              "pass": true,
              "fail": false,
              "pending": false,
              "context": null,
              "code": "cy.get('.traversal-pagination').find('li').find('a').should('have.length', 7);",
              "err": {},
              "uuid": "d4d910f0-074e-4d3b-9599-deca5a5b0ce5",
              "parentUUID": "19d882b7-36df-4372-ad6a-0bae3748b90c",
              "isHook": false,
              "skipped": false
            },
            {
              "title": "first() to retrieve the first DOM element within elements ",
              "fullTitle": "Traversing DOM elements in Cypress first() to retrieve the first DOM element within elements ",
              "timedOut": null,
              "duration": 1464,
              "state": "passed",
              "speed": "fast",
              "pass": true,
              "fail": false,
              "pending": false,
              "context": null,
              "code": "cy.get('.traversal-table > tbody > tr > td').first().should('contain', 'Andy');",
              "err": {},
              "uuid": "4dc9ff97-1c74-4754-8f68-d9ee216df818",
              "parentUUID": "19d882b7-36df-4372-ad6a-0bae3748b90c",
              "isHook": false,
              "skipped": false
            },
            {
              "title": "last() to retrieve the last DOM element within elements",
              "fullTitle": "Traversing DOM elements in Cypress last() to retrieve the last DOM element within elements",
              "timedOut": null,
              "duration": 2329,
              "state": "passed",
              "speed": "fast",
              "pass": true,
              "fail": false,
              "pending": false,
              "context": null,
              "code": "cy.get('.traversal-table > tbody > tr > td').last().should('contain', 'Scott');",
              "err": {},
              "uuid": "e11f6df3-1dfb-4725-a6f0-c35e93f93810",
              "parentUUID": "19d882b7-36df-4372-ad6a-0bae3748b90c",
              "isHook": false,
              "skipped": false
            },
            {
              "title": "nextAll() to get all of the next sibling DOM elements within elements",
              "fullTitle": "Traversing DOM elements in Cypress nextAll() to get all of the next sibling DOM elements within elements",
              "timedOut": null,
              "duration": 1784,
              "state": "passed",
              "speed": "fast",
              "pass": true,
              "fail": false,
              "pending": false,
              "context": null,
              "code": "cy.get('.traversal-drinks-list').contains('Tea').nextAll().should('have.length', '3');",
              "err": {},
              "uuid": "da7e2cca-a6df-4444-8e4f-4f96ccd4cd1e",
              "parentUUID": "19d882b7-36df-4372-ad6a-0bae3748b90c",
              "isHook": false,
              "skipped": false
            },
            {
              "title": "nextUntil() to get all of the next sibling DOM elements within elements until another element",
              "fullTitle": "Traversing DOM elements in Cypress nextUntil() to get all of the next sibling DOM elements within elements until another element",
              "timedOut": null,
              "duration": 1370,
              "state": "passed",
              "speed": "fast",
              "pass": true,
              "fail": false,
              "pending": false,
              "context": null,
              "code": "cy.get('#coffee').nextUntil('#milk');",
              "err": {},
              "uuid": "fc821d14-5ad4-42d6-bfab-2711743fcc14",
              "parentUUID": "19d882b7-36df-4372-ad6a-0bae3748b90c",
              "isHook": false,
              "skipped": false
            },
            {
              "title": "not() to remove DOM element(s) from the set of elements",
              "fullTitle": "Traversing DOM elements in Cypress not() to remove DOM element(s) from the set of elements",
              "timedOut": null,
              "duration": 915,
              "state": "passed",
              "speed": "fast",
              "pass": true,
              "fail": false,
              "pending": false,
              "context": null,
              "code": "cy.get('.traversal-button-states > button').not('.disabled').should('not.have.class', 'disabled');",
              "err": {},
              "uuid": "a3a019dc-0d4c-42da-941c-7aac1ff2a63c",
              "parentUUID": "19d882b7-36df-4372-ad6a-0bae3748b90c",
              "isHook": false,
              "skipped": false
            },
            {
              "title": "parent() To get parent DOM element of elements",
              "fullTitle": "Traversing DOM elements in Cypress parent() To get parent DOM element of elements",
              "timedOut": null,
              "duration": 1091,
              "state": "passed",
              "speed": "fast",
              "pass": true,
              "fail": false,
              "pending": false,
              "context": null,
              "code": "cy.get('.traversal-mark').parent().should('contain', 'Lorem ipsum dolor sit amet');",
              "err": {},
              "uuid": "764ff70f-d981-4ddd-b3ff-88200c6a790e",
              "parentUUID": "19d882b7-36df-4372-ad6a-0bae3748b90c",
              "isHook": false,
              "skipped": false
            },
            {
              "title": "parents() to get parents DOM element of elements",
              "fullTitle": "Traversing DOM elements in Cypress parents() to get parents DOM element of elements",
              "timedOut": null,
              "duration": 923,
              "state": "passed",
              "speed": "fast",
              "pass": true,
              "fail": false,
              "pending": false,
              "context": null,
              "code": "cy.get('.traversal-cite').parents().should('match', 'blockquote');",
              "err": {},
              "uuid": "159570ef-5016-40ab-84d3-fc90b37c709e",
              "parentUUID": "19d882b7-36df-4372-ad6a-0bae3748b90c",
              "isHook": false,
              "skipped": false
            },
            {
              "title": "prev() to get the previous sibling DOM element within elements",
              "fullTitle": "Traversing DOM elements in Cypress prev() to get the previous sibling DOM element within elements",
              "timedOut": null,
              "duration": 925,
              "state": "passed",
              "speed": "fast",
              "pass": true,
              "fail": false,
              "pending": false,
              "context": null,
              "code": "cy.get('#sugar').prev().contains('Espresso');",
              "err": {},
              "uuid": "6f460d3b-213d-4eb5-854b-72b5763b8e46",
              "parentUUID": "19d882b7-36df-4372-ad6a-0bae3748b90c",
              "isHook": false,
              "skipped": false
            },
            {
              "title": "prevAll() to get all previous sibling DOM elements within elements",
              "fullTitle": "Traversing DOM elements in Cypress prevAll() to get all previous sibling DOM elements within elements",
              "timedOut": null,
              "duration": 936,
              "state": "passed",
              "speed": "fast",
              "pass": true,
              "fail": false,
              "pending": false,
              "context": null,
              "code": "cy.get('.sales').prevAll().should('have.length', 2);",
              "err": {},
              "uuid": "8d345e0a-bc6f-4452-8ef7-6dbed35320cf",
              "parentUUID": "19d882b7-36df-4372-ad6a-0bae3748b90c",
              "isHook": false,
              "skipped": false
            },
            {
              "title": "prevUntil() to get all previous sibling DOM elements within elements until other element",
              "fullTitle": "Traversing DOM elements in Cypress prevUntil() to get all previous sibling DOM elements within elements until other element",
              "timedOut": null,
              "duration": 953,
              "state": "passed",
              "speed": "fast",
              "pass": true,
              "fail": false,
              "pending": false,
              "context": null,
              "code": "cy.get('#veggie').prevUntil('#fruits').should('have.length', 5);",
              "err": {},
              "uuid": "ee7d31cd-0b28-4d9f-bb0d-74898660b550",
              "parentUUID": "19d882b7-36df-4372-ad6a-0bae3748b90c",
              "isHook": false,
              "skipped": false
            },
            {
              "title": "siblings() To get all sibling DOM elements of elements",
              "fullTitle": "Traversing DOM elements in Cypress siblings() To get all sibling DOM elements of elements",
              "timedOut": null,
              "duration": 1348,
              "state": "passed",
              "speed": "fast",
              "pass": true,
              "fail": false,
              "pending": false,
              "context": null,
              "code": "cy.get('.traversal-button-other-states .active').siblings().should('have.length', 3);",
              "err": {},
              "uuid": "8a10bc58-ece8-4515-b195-ca9fb85295ab",
              "parentUUID": "19d882b7-36df-4372-ad6a-0bae3748b90c",
              "isHook": false,
              "skipped": false
            }
          ],
          "suites": [],
          "passes": [
            "762536af-6fd7-4e27-920c-fc7bafb4b091",
            "2853989d-0b0b-42a9-92c8-6073866cda4c",
            "adc586f8-6df3-4574-a498-50f4f6d39497",
            "9786da10-93f7-4b19-afdb-ced83e9df702",
            "d4d910f0-074e-4d3b-9599-deca5a5b0ce5",
            "4dc9ff97-1c74-4754-8f68-d9ee216df818",
            "e11f6df3-1dfb-4725-a6f0-c35e93f93810",
            "da7e2cca-a6df-4444-8e4f-4f96ccd4cd1e",
            "fc821d14-5ad4-42d6-bfab-2711743fcc14",
            "a3a019dc-0d4c-42da-941c-7aac1ff2a63c",
            "764ff70f-d981-4ddd-b3ff-88200c6a790e",
            "159570ef-5016-40ab-84d3-fc90b37c709e",
            "6f460d3b-213d-4eb5-854b-72b5763b8e46",
            "8d345e0a-bc6f-4452-8ef7-6dbed35320cf",
            "ee7d31cd-0b28-4d9f-bb0d-74898660b550",
            "8a10bc58-ece8-4515-b195-ca9fb85295ab"
          ],
          "failures": [],
          "pending": [],
          "skipped": [],
          "duration": 21483,
          "root": false,
          "rootEmpty": false,
          "_timeout": 2000
        }
      ],
      "passes": [],
      "failures": [],
      "pending": [],
      "skipped": [],
      "duration": 0,
      "root": true,
      "rootEmpty": true,
      "_timeout": 2000
    },
    {
      "uuid": "1cb2ef72-9fed-45f1-aa36-a965b82c2b1d",
      "title": "",
      "fullFile": "cypress\\e2e\\Other\\same-origin-policy.js",
      "file": "cypress\\e2e\\Other\\same-origin-policy.js",
      "beforeHooks": [],
      "afterHooks": [],
      "tests": [],
      "suites": [
        {
          "uuid": "10eb8fb2-1fc5-44bb-aa68-7ec02cc83906",
          "title": "Same origin",
          "fullFile": "",
          "file": "",
          "beforeHooks": [],
          "afterHooks": [],
          "tests": [
            {
              "title": "Validate navigating two different urls",
              "fullTitle": "Same origin Validate navigating two different urls",
              "timedOut": null,
              "duration": 1358,
              "state": "passed",
              "speed": "fast",
              "pass": true,
              "fail": false,
              "pending": false,
              "context": null,
              "code": "cy.visit('https://webdriveruniversity.com/');\n//cy.visit('https://automationteststore.com/')",
              "err": {},
              "uuid": "a69f7f79-b4da-45e2-b9aa-88e4876fc57e",
              "parentUUID": "10eb8fb2-1fc5-44bb-aa68-7ec02cc83906",
              "isHook": false,
              "skipped": false
            }
          ],
          "suites": [],
          "passes": [
            "a69f7f79-b4da-45e2-b9aa-88e4876fc57e"
          ],
          "failures": [],
          "pending": [],
          "skipped": [],
          "duration": 1358,
          "root": false,
          "rootEmpty": false,
          "_timeout": 2000
        }
      ],
      "passes": [],
      "failures": [],
      "pending": [],
      "skipped": [],
      "duration": 0,
      "root": true,
      "rootEmpty": true,
      "_timeout": 2000
    },
    {
      "uuid": "54d0a9c5-ba8d-4a47-9c08-4e2acb98a351",
      "title": "",
      "fullFile": "cypress\\e2e\\automation-test-store\\add-multiple-items-to-basket.js",
      "file": "cypress\\e2e\\automation-test-store\\add-multiple-items-to-basket.js",
      "beforeHooks": [],
      "afterHooks": [],
      "tests": [],
      "suites": [
        {
          "uuid": "70aca6a6-6d60-4acb-9a68-c2c796c71fac",
          "title": "Iterate over elements in Automation test store",
          "fullFile": "",
          "file": "",
          "beforeHooks": [],
          "afterHooks": [],
          "tests": [
            {
              "title": "Log information of all hair care products",
              "fullTitle": "Iterate over elements in Automation test store Log information of all hair care products",
              "timedOut": null,
              "duration": 8218,
              "state": "passed",
              "speed": "medium",
              "pass": true,
              "fail": false,
              "pending": false,
              "context": null,
              "code": "autoStore_HairCare_PO.addProducttoBasket();",
              "err": {},
              "uuid": "8e1e8b7d-e694-441d-aae9-64972002186f",
              "parentUUID": "70aca6a6-6d60-4acb-9a68-c2c796c71fac",
              "isHook": false,
              "skipped": false
            }
          ],
          "suites": [],
          "passes": [
            "8e1e8b7d-e694-441d-aae9-64972002186f"
          ],
          "failures": [],
          "pending": [],
          "skipped": [],
          "duration": 8218,
          "root": false,
          "rootEmpty": false,
          "_timeout": 2000
        }
      ],
      "passes": [],
      "failures": [],
      "pending": [],
      "skipped": [],
      "duration": 0,
      "root": true,
      "rootEmpty": true,
      "_timeout": 2000
    }
  ],
  "meta": {
    "mocha": {
      "version": "7.0.1"
    },
    "mochawesome": {
      "options": {
        "quiet": false,
        "reportFilename": "mochawesome",
        "saveHtml": false,
        "saveJson": true,
        "consoleReporter": "spec",
        "useInlineDiffs": false,
        "code": true
      },
      "version": "7.1.3"
    },
    "marge": {
      "options": {
        "id": "default",
        "reportDir": "cypress/results/mochawesome",
        "quite": true,
        "overwrite": false,
        "html": false,
        "json": true
      },
      "version": "6.2.0"
    }
  }
}